{
"contracts/helper/BasicMetaTransaction.sol":{"l":{"18":0,"19":0,"22":0,"43":0,"55":0,"58":0,"62":0,"63":0,"69":0,"73":0,"78":0,"93":0,"96":0,"97":0,"98":0,"102":0,"103":0,"104":0,"105":0,"113":0},"path":"/home/akash/Documents/Vericap/vericap-contracts/contracts/helper/BasicMetaTransaction.sol","s":{"1":0,"2":0,"3":0,"4":0,"5":0,"6":0,"7":0,"8":0,"9":0,"10":0,"11":0,"12":0,"13":0,"14":0,"15":0,"16":0},"b":{"1":[0,0],"2":[0,0],"3":[0,0],"4":[0,0]},"f":{"1":0,"2":0,"3":0,"4":0,"5":0,"6":0},"fnMap":{"1":{"name":"getChainID","line":17,"loc":{"start":{"line":17,"column":4},"end":{"line":23,"column":4}}},"2":{"name":"executeMetaTransaction","line":36,"loc":{"start":{"line":36,"column":4},"end":{"line":70,"column":4}}},"3":{"name":"getNonce","line":72,"loc":{"start":{"line":72,"column":4},"end":{"line":74,"column":4}}},"4":{"name":"prefixed","line":77,"loc":{"start":{"line":77,"column":4},"end":{"line":82,"column":4}}},"5":{"name":"verify","line":84,"loc":{"start":{"line":84,"column":4},"end":{"line":99,"column":4}}},"6":{"name":"msgSender","line":101,"loc":{"start":{"line":101,"column":4},"end":{"line":115,"column":4}}}},"statementMap":{"1":{"start":{"line":18,"column":8},"end":{"line":18,"column":18}},"2":{"start":{"line":22,"column":8},"end":{"line":22,"column":17}},"3":{"start":{"line":43,"column":8},"end":{"line":43,"column":1432}},"4":{"start":{"line":58,"column":8},"end":{"line":58,"column":1875}},"5":{"start":{"line":62,"column":8},"end":{"line":62,"column":55}},"6":{"start":{"line":63,"column":8},"end":{"line":63,"column":2076}},"7":{"start":{"line":69,"column":8},"end":{"line":69,"column":25}},"8":{"start":{"line":78,"column":8},"end":{"line":78,"column":2523}},"9":{"start":{"line":93,"column":8},"end":{"line":93,"column":2884}},"10":{"start":{"line":96,"column":8},"end":{"line":96,"column":58}},"11":{"start":{"line":97,"column":8},"end":{"line":97,"column":57}},"12":{"start":{"line":98,"column":8},"end":{"line":98,"column":32}},"13":{"start":{"line":102,"column":8},"end":{"line":102,"column":3235}},"14":{"start":{"line":103,"column":12},"end":{"line":103,"column":41}},"15":{"start":{"line":104,"column":12},"end":{"line":104,"column":43}},"16":{"start":{"line":113,"column":12},"end":{"line":113,"column":29}}},"branchMap":{"1":{"line":43,"type":"if","locations":[{"start":{"line":43,"column":8},"end":{"line":43,"column":8}},{"start":{"line":43,"column":8},"end":{"line":43,"column":8}}]},"2":{"line":62,"type":"if","locations":[{"start":{"line":62,"column":8},"end":{"line":62,"column":8}},{"start":{"line":62,"column":8},"end":{"line":62,"column":8}}]},"3":{"line":97,"type":"if","locations":[{"start":{"line":97,"column":8},"end":{"line":97,"column":8}},{"start":{"line":97,"column":8},"end":{"line":97,"column":8}}]},"4":{"line":102,"type":"if","locations":[{"start":{"line":102,"column":8},"end":{"line":102,"column":8}},{"start":{"line":102,"column":8},"end":{"line":102,"column":8}}]}}},
"contracts/interfaces/IPlannedCredit.sol":{"l":{},"path":"/home/akash/Documents/Vericap/vericap-contracts/contracts/interfaces/IPlannedCredit.sol","s":{},"b":{},"f":{},"fnMap":{},"statementMap":{},"branchMap":{}},
"contracts/interfaces/IPlannedCreditFactory.sol":{"l":{},"path":"/home/akash/Documents/Vericap/vericap-contracts/contracts/interfaces/IPlannedCreditFactory.sol","s":{},"b":{},"f":{},"fnMap":{},"statementMap":{},"branchMap":{}},
"contracts/interfaces/IPlannedCreditManager.sol":{"l":{},"path":"/home/akash/Documents/Vericap/vericap-contracts/contracts/interfaces/IPlannedCreditManager.sol","s":{},"b":{},"f":{},"fnMap":{},"statementMap":{},"branchMap":{}},
"contracts/PlannedCredit/PlannedCreditFactory.sol":{"l":{"167":0,"176":0,"177":0,"178":0,"179":0,"201":0,"209":0,"221":0,"224":0,"225":0,"227":0,"228":0,"232":0,"246":0,"249":0,"254":0,"257":0,"258":0,"262":0,"276":0,"288":0,"312":0,"322":0,"327":0,"349":0,"351":0,"356":0,"370":0,"379":0,"384":0,"390":0,"392":0,"394":0,"423":0,"424":0,"427":0,"428":0,"429":0,"430":0,"434":0,"435":0,"436":0,"455":0,"456":0,"459":0,"460":0,"476":0,"477":0,"480":0,"481":0,"491":0,"495":0,"496":0,"508":0,"524":0,"550":0,"555":0,"556":0,"558":0,"566":0,"578":0,"579":0,"580":0,"584":0,"585":0,"586":0,"589":0,"619":0,"620":0,"621":0,"622":0,"630":0,"643":0,"656":0},"path":"/home/akash/Documents/Vericap/vericap-contracts/contracts/PlannedCredit/PlannedCreditFactory.sol","s":{"1":0,"2":0,"3":0,"4":0,"5":0,"6":0,"7":0,"8":0,"9":0,"10":0,"11":0,"12":0,"13":0,"14":0,"15":0,"16":0,"17":0,"18":0,"19":0,"20":0,"21":0,"22":0,"23":0,"24":0,"25":0,"26":0,"27":0,"28":0,"29":0,"30":0,"31":0,"32":0,"33":0,"34":0,"35":0,"36":0,"37":0,"38":0,"39":0,"40":0,"41":0,"42":0,"43":0,"44":0,"45":0,"46":0,"47":0,"48":0,"49":0,"50":0,"51":0,"52":0},"b":{"1":[0,0],"2":[0,0],"3":[0,0],"4":[0,0],"5":[0,0],"6":[0,0],"7":[0,0],"8":[0,0],"9":[0,0],"10":[0,0],"11":[0,0],"12":[0,0],"13":[0,0],"14":[0,0],"15":[0,0],"16":[0,0],"17":[0,0],"18":[0,0],"19":[0,0],"20":[0,0]},"f":{"1":0,"2":0,"3":0,"4":0,"5":0,"6":0,"7":0,"8":0,"9":0,"10":0,"11":0,"12":0,"13":0,"14":0,"15":0,"16":0,"17":0,"18":0,"19":0,"20":0,"21":0,"22":0},"fnMap":{"1":{"name":"constructor","line":166,"loc":{"start":{"line":166,"column":4},"end":{"line":168,"column":4}}},"2":{"name":"initialize","line":175,"loc":{"start":{"line":175,"column":4},"end":{"line":180,"column":4}}},"3":{"name":"_authorizeUpgrade","line":188,"loc":{"start":{"line":186,"column":4},"end":{"line":188,"column":35}}},"4":{"name":"getProjectCommodityTotalSupply","line":197,"loc":{"start":{"line":197,"column":4},"end":{"line":202,"column":4}}},"5":{"name":"getProjectList","line":208,"loc":{"start":{"line":208,"column":4},"end":{"line":210,"column":4}}},"6":{"name":"getCommodityListForAProject","line":218,"loc":{"start":{"line":218,"column":4},"end":{"line":233,"column":4}}},"7":{"name":"getPlannedCreditListForACommodityInAProject","line":242,"loc":{"start":{"line":242,"column":4},"end":{"line":263,"column":4}}},"8":{"name":"getPlannedCreditDetails","line":271,"loc":{"start":{"line":271,"column":4},"end":{"line":280,"column":4}}},"9":{"name":"getPlannedCreditDetailsByAddress","line":285,"loc":{"start":{"line":285,"column":4},"end":{"line":289,"column":4}}},"10":{"name":"createPlannedCredit","line":311,"loc":{"start":{"line":303,"column":4},"end":{"line":406,"column":4}}},"11":{"name":"updatePlannedCreditDetailDuringMintOrBurnMore","line":422,"loc":{"start":{"line":416,"column":4},"end":{"line":440,"column":4}}},"12":{"name":"updatePlannedCreditDetailDuringPlannedDeliveryYearChange","line":454,"loc":{"start":{"line":449,"column":4},"end":{"line":461,"column":4}}},"13":{"name":"updatePlannedCreditDetailDuringURIChange","line":475,"loc":{"start":{"line":470,"column":4},"end":{"line":482,"column":4}}},"14":{"name":"setPlannedCreditManagerContract","line":490,"loc":{"start":{"line":488,"column":4},"end":{"line":497,"column":4}}},"15":{"name":"grantManagerRoleForPlannedCredit","line":507,"loc":{"start":{"line":504,"column":4},"end":{"line":509,"column":4}}},"16":{"name":"_checkBeforeCreatePlannedCredit","line":515,"loc":{"start":{"line":515,"column":4},"end":{"line":535,"column":4}}},"17":{"name":"_createPlannedCredit","line":549,"loc":{"start":{"line":545,"column":4},"end":{"line":567,"column":4}}},"18":{"name":"_updateProjectCommodityPlanneCreditStorage","line":576,"loc":{"start":{"line":572,"column":4},"end":{"line":590,"column":4}}},"19":{"name":"constructor","line":618,"loc":{"start":{"line":613,"column":4},"end":{"line":623,"column":4}}},"20":{"name":"decimals","line":629,"loc":{"start":{"line":629,"column":4},"end":{"line":631,"column":4}}},"21":{"name":"mintPlannedCredits","line":642,"loc":{"start":{"line":639,"column":4},"end":{"line":644,"column":4}}},"22":{"name":"burnPlannedCredits","line":655,"loc":{"start":{"line":652,"column":4},"end":{"line":657,"column":4}}}},"statementMap":{"1":{"start":{"line":167,"column":8},"end":{"line":167,"column":29}},"2":{"start":{"line":176,"column":8},"end":{"line":176,"column":23}},"3":{"start":{"line":177,"column":8},"end":{"line":177,"column":50}},"4":{"start":{"line":178,"column":8},"end":{"line":178,"column":52}},"5":{"start":{"line":179,"column":8},"end":{"line":179,"column":62}},"6":{"start":{"line":201,"column":8},"end":{"line":201,"column":66}},"7":{"start":{"line":209,"column":8},"end":{"line":209,"column":25}},"8":{"start":{"line":221,"column":8},"end":{"line":221,"column":7388}},"9":{"start":{"line":224,"column":8},"end":{"line":224,"column":7497}},"10":{"start":{"line":232,"column":8},"end":{"line":232,"column":29}},"11":{"start":{"line":246,"column":8},"end":{"line":246,"column":8218}},"12":{"start":{"line":249,"column":8},"end":{"line":249,"column":8350}},"13":{"start":{"line":262,"column":8},"end":{"line":262,"column":33}},"14":{"start":{"line":276,"column":8},"end":{"line":276,"column":9211}},"15":{"start":{"line":288,"column":8},"end":{"line":288,"column":59}},"16":{"start":{"line":312,"column":8},"end":{"line":312,"column":10763}},"17":{"start":{"line":322,"column":8},"end":{"line":322,"column":10986}},"18":{"start":{"line":327,"column":8},"end":{"line":327,"column":11121}},"19":{"start":{"line":351,"column":8},"end":{"line":351,"column":11756}},"20":{"start":{"line":356,"column":8},"end":{"line":356,"column":11877}},"21":{"start":{"line":384,"column":8},"end":{"line":384,"column":12658}},"22":{"start":{"line":392,"column":8},"end":{"line":392,"column":66}},"23":{"start":{"line":394,"column":8},"end":{"line":394,"column":12939}},"24":{"start":{"line":423,"column":8},"end":{"line":423,"column":75}},"25":{"start":{"line":424,"column":8},"end":{"line":424,"column":14006}},"26":{"start":{"line":427,"column":8},"end":{"line":427,"column":14119}},"27":{"start":{"line":433,"column":15},"end":{"line":433,"column":14406}},"28":{"start":{"line":455,"column":8},"end":{"line":455,"column":75}},"29":{"start":{"line":456,"column":8},"end":{"line":456,"column":15463}},"30":{"start":{"line":476,"column":8},"end":{"line":476,"column":75}},"31":{"start":{"line":477,"column":8},"end":{"line":477,"column":16360}},"32":{"start":{"line":491,"column":8},"end":{"line":491,"column":16869}},"33":{"start":{"line":496,"column":8},"end":{"line":496,"column":69}},"34":{"start":{"line":508,"column":8},"end":{"line":508,"column":76}},"35":{"start":{"line":524,"column":8},"end":{"line":524,"column":18049}},"36":{"start":{"line":550,"column":8},"end":{"line":550,"column":19189}},"37":{"start":{"line":555,"column":8},"end":{"line":555,"column":47}},"38":{"start":{"line":556,"column":8},"end":{"line":556,"column":44}},"39":{"start":{"line":558,"column":8},"end":{"line":558,"column":19418}},"40":{"start":{"line":566,"column":8},"end":{"line":566,"column":46}},"41":{"start":{"line":578,"column":8},"end":{"line":578,"column":20109}},"42":{"start":{"line":579,"column":12},"end":{"line":579,"column":38}},"43":{"start":{"line":584,"column":8},"end":{"line":584,"column":20306}},"44":{"start":{"line":585,"column":12},"end":{"line":585,"column":55}},"45":{"start":{"line":589,"column":8},"end":{"line":589,"column":71}},"46":{"start":{"line":619,"column":8},"end":{"line":619,"column":64}},"47":{"start":{"line":620,"column":8},"end":{"line":620,"column":54}},"48":{"start":{"line":621,"column":8},"end":{"line":621,"column":56}},"49":{"start":{"line":622,"column":8},"end":{"line":622,"column":56}},"50":{"start":{"line":630,"column":8},"end":{"line":630,"column":16}},"51":{"start":{"line":643,"column":8},"end":{"line":643,"column":29}},"52":{"start":{"line":656,"column":8},"end":{"line":656,"column":29}}},"branchMap":{"1":{"line":175,"type":"if","locations":[{"start":{"line":175,"column":54},"end":{"line":175,"column":54}},{"start":{"line":175,"column":54},"end":{"line":175,"column":54}}]},"2":{"line":188,"type":"if","locations":[{"start":{"line":188,"column":24},"end":{"line":188,"column":24}},{"start":{"line":188,"column":24},"end":{"line":188,"column":24}}]},"3":{"line":311,"type":"if","locations":[{"start":{"line":311,"column":15},"end":{"line":311,"column":15}},{"start":{"line":311,"column":15},"end":{"line":311,"column":15}}]},"4":{"line":322,"type":"if","locations":[{"start":{"line":322,"column":8},"end":{"line":322,"column":8}},{"start":{"line":322,"column":8},"end":{"line":322,"column":8}}]},"5":{"line":422,"type":"if","locations":[{"start":{"line":422,"column":15},"end":{"line":422,"column":15}},{"start":{"line":422,"column":15},"end":{"line":422,"column":15}}]},"6":{"line":427,"type":"if","locations":[{"start":{"line":427,"column":8},"end":{"line":427,"column":8}},{"start":{"line":427,"column":8},"end":{"line":427,"column":8}}]},"7":{"line":433,"type":"if","locations":[{"start":{"line":433,"column":15},"end":{"line":433,"column":15}},{"start":{"line":433,"column":15},"end":{"line":433,"column":15}}]},"8":{"line":454,"type":"if","locations":[{"start":{"line":454,"column":15},"end":{"line":454,"column":15}},{"start":{"line":454,"column":15},"end":{"line":454,"column":15}}]},"9":{"line":475,"type":"if","locations":[{"start":{"line":475,"column":15},"end":{"line":475,"column":15}},{"start":{"line":475,"column":15},"end":{"line":475,"column":15}}]},"10":{"line":490,"type":"if","locations":[{"start":{"line":490,"column":15},"end":{"line":490,"column":15}},{"start":{"line":490,"column":15},"end":{"line":490,"column":15}}]},"11":{"line":491,"type":"if","locations":[{"start":{"line":491,"column":8},"end":{"line":491,"column":8}},{"start":{"line":491,"column":8},"end":{"line":491,"column":8}}]},"12":{"line":507,"type":"if","locations":[{"start":{"line":507,"column":15},"end":{"line":507,"column":15}},{"start":{"line":507,"column":15},"end":{"line":507,"column":15}}]},"13":{"line":524,"type":"if","locations":[{"start":{"line":524,"column":8},"end":{"line":524,"column":8}},{"start":{"line":524,"column":8},"end":{"line":524,"column":8}}]},"14":{"line":549,"type":"if","locations":[{"start":{"line":549,"column":15},"end":{"line":549,"column":15}},{"start":{"line":549,"column":15},"end":{"line":549,"column":15}}]},"15":{"line":550,"type":"if","locations":[{"start":{"line":550,"column":8},"end":{"line":550,"column":8}},{"start":{"line":550,"column":8},"end":{"line":550,"column":8}}]},"16":{"line":576,"type":"if","locations":[{"start":{"line":576,"column":14},"end":{"line":576,"column":14}},{"start":{"line":576,"column":14},"end":{"line":576,"column":14}}]},"17":{"line":578,"type":"if","locations":[{"start":{"line":578,"column":8},"end":{"line":578,"column":8}},{"start":{"line":578,"column":8},"end":{"line":578,"column":8}}]},"18":{"line":584,"type":"if","locations":[{"start":{"line":584,"column":8},"end":{"line":584,"column":8}},{"start":{"line":584,"column":8},"end":{"line":584,"column":8}}]},"19":{"line":642,"type":"if","locations":[{"start":{"line":642,"column":13},"end":{"line":642,"column":13}},{"start":{"line":642,"column":13},"end":{"line":642,"column":13}}]},"20":{"line":655,"type":"if","locations":[{"start":{"line":655,"column":13},"end":{"line":655,"column":13}},{"start":{"line":655,"column":13},"end":{"line":655,"column":13}}]}}},
"contracts/PlannedCredit/PlannedCreditManager.sol":{"l":{"108":0,"121":0,"122":0,"123":0,"124":0,"126":0,"156":0,"162":0,"170":0,"175":0,"179":0,"182":0,"210":0,"216":0,"224":0,"229":0,"233":0,"236":0,"261":0,"265":0,"266":0,"270":0,"275":0,"276":0,"277":0,"285":0,"305":0,"310":0,"318":0,"339":0,"344":0,"351":0,"361":0,"362":0,"380":0,"400":0},"path":"/home/akash/Documents/Vericap/vericap-contracts/contracts/PlannedCredit/PlannedCreditManager.sol","s":{"1":0,"2":0,"3":0,"4":0,"5":0,"6":0,"7":0,"8":0,"9":0,"10":0,"11":0,"12":0,"13":0,"14":0,"15":0,"16":0,"17":0,"18":0,"19":0,"20":0,"21":0,"22":0,"23":0,"24":0,"25":0,"26":0,"27":0,"28":0,"29":0,"30":0,"31":0,"32":0,"33":0,"34":0},"b":{"1":[0,0],"2":[0,0],"3":[0,0],"4":[0,0],"5":[0,0],"6":[0,0],"7":[0,0],"8":[0,0],"9":[0,0],"10":[0,0],"11":[0,0],"12":[0,0],"13":[0,0]},"f":{"1":0,"2":0,"3":0,"4":0,"5":0,"6":0,"7":0,"8":0,"9":0,"10":0,"11":0},"fnMap":{"1":{"name":"constructor","line":107,"loc":{"start":{"line":107,"column":4},"end":{"line":109,"column":4}}},"2":{"name":"initialize","line":120,"loc":{"start":{"line":117,"column":4},"end":{"line":129,"column":4}}},"3":{"name":"_authorizeUpgrade","line":137,"loc":{"start":{"line":135,"column":4},"end":{"line":137,"column":35}}},"4":{"name":"mintPlannedCredits","line":155,"loc":{"start":{"line":149,"column":4},"end":{"line":191,"column":4}}},"5":{"name":"burnPlannedCredits","line":209,"loc":{"start":{"line":203,"column":4},"end":{"line":245,"column":4}}},"6":{"name":"manyToManyPlannedCreditTransfer","line":260,"loc":{"start":{"line":256,"column":4},"end":{"line":290,"column":4}}},"7":{"name":"updatePlannedDeliveryYear","line":304,"loc":{"start":{"line":299,"column":4},"end":{"line":324,"column":4}}},"8":{"name":"updateURI","line":338,"loc":{"start":{"line":333,"column":4},"end":{"line":352,"column":4}}},"9":{"name":"setFactoryManagerContract","line":360,"loc":{"start":{"line":358,"column":4},"end":{"line":365,"column":4}}},"10":{"name":"_checkBeforeMintMoreAndBurnMore","line":374,"loc":{"start":{"line":374,"column":4},"end":{"line":387,"column":4}}},"11":{"name":"_checkBeforeUpdatingPlannedCreditDetails","line":395,"loc":{"start":{"line":395,"column":4},"end":{"line":406,"column":4}}}},"statementMap":{"1":{"start":{"line":108,"column":8},"end":{"line":108,"column":29}},"2":{"start":{"line":121,"column":8},"end":{"line":121,"column":23}},"3":{"start":{"line":122,"column":8},"end":{"line":122,"column":49}},"4":{"start":{"line":123,"column":8},"end":{"line":123,"column":43}},"5":{"start":{"line":124,"column":8},"end":{"line":124,"column":54}},"6":{"start":{"line":156,"column":8},"end":{"line":156,"column":4920}},"7":{"start":{"line":162,"column":8},"end":{"line":162,"column":5076}},"8":{"start":{"line":170,"column":8},"end":{"line":170,"column":5319}},"9":{"start":{"line":175,"column":8},"end":{"line":175,"column":5452}},"10":{"start":{"line":179,"column":8},"end":{"line":179,"column":5673}},"11":{"start":{"line":182,"column":8},"end":{"line":182,"column":5752}},"12":{"start":{"line":210,"column":8},"end":{"line":210,"column":6739}},"13":{"start":{"line":216,"column":8},"end":{"line":216,"column":6895}},"14":{"start":{"line":224,"column":8},"end":{"line":224,"column":7138}},"15":{"start":{"line":229,"column":8},"end":{"line":229,"column":7276}},"16":{"start":{"line":233,"column":8},"end":{"line":233,"column":7497}},"17":{"start":{"line":236,"column":8},"end":{"line":236,"column":7576}},"18":{"start":{"line":261,"column":8},"end":{"line":261,"column":8674}},"19":{"start":{"line":265,"column":8},"end":{"line":265,"column":8813}},"20":{"start":{"line":266,"column":12},"end":{"line":266,"column":8940}},"21":{"start":{"line":270,"column":12},"end":{"line":270,"column":9072}},"22":{"start":{"line":275,"column":12},"end":{"line":275,"column":9222}},"23":{"start":{"line":276,"column":16},"end":{"line":276,"column":56}},"24":{"start":{"line":277,"column":16},"end":{"line":277,"column":9358}},"25":{"start":{"line":285,"column":8},"end":{"line":285,"column":9569}},"26":{"start":{"line":305,"column":8},"end":{"line":305,"column":10279}},"27":{"start":{"line":310,"column":8},"end":{"line":310,"column":10418}},"28":{"start":{"line":318,"column":8},"end":{"line":318,"column":10669}},"29":{"start":{"line":339,"column":8},"end":{"line":339,"column":11321}},"30":{"start":{"line":344,"column":8},"end":{"line":344,"column":11456}},"31":{"start":{"line":351,"column":8},"end":{"line":351,"column":74}},"32":{"start":{"line":361,"column":8},"end":{"line":361,"column":77}},"33":{"start":{"line":380,"column":8},"end":{"line":380,"column":12704}},"34":{"start":{"line":400,"column":8},"end":{"line":400,"column":13429}}},"branchMap":{"1":{"line":120,"type":"if","locations":[{"start":{"line":120,"column":15},"end":{"line":120,"column":15}},{"start":{"line":120,"column":15},"end":{"line":120,"column":15}}]},"2":{"line":137,"type":"if","locations":[{"start":{"line":137,"column":24},"end":{"line":137,"column":24}},{"start":{"line":137,"column":24},"end":{"line":137,"column":24}}]},"3":{"line":155,"type":"if","locations":[{"start":{"line":155,"column":15},"end":{"line":155,"column":15}},{"start":{"line":155,"column":15},"end":{"line":155,"column":15}}]},"4":{"line":209,"type":"if","locations":[{"start":{"line":209,"column":15},"end":{"line":209,"column":15}},{"start":{"line":209,"column":15},"end":{"line":209,"column":15}}]},"5":{"line":260,"type":"if","locations":[{"start":{"line":260,"column":15},"end":{"line":260,"column":15}},{"start":{"line":260,"column":15},"end":{"line":260,"column":15}}]},"6":{"line":261,"type":"if","locations":[{"start":{"line":261,"column":8},"end":{"line":261,"column":8}},{"start":{"line":261,"column":8},"end":{"line":261,"column":8}}]},"7":{"line":270,"type":"if","locations":[{"start":{"line":270,"column":12},"end":{"line":270,"column":12}},{"start":{"line":270,"column":12},"end":{"line":270,"column":12}}]},"8":{"line":304,"type":"if","locations":[{"start":{"line":304,"column":15},"end":{"line":304,"column":15}},{"start":{"line":304,"column":15},"end":{"line":304,"column":15}}]},"9":{"line":338,"type":"if","locations":[{"start":{"line":338,"column":15},"end":{"line":338,"column":15}},{"start":{"line":338,"column":15},"end":{"line":338,"column":15}}]},"10":{"line":360,"type":"if","locations":[{"start":{"line":360,"column":15},"end":{"line":360,"column":15}},{"start":{"line":360,"column":15},"end":{"line":360,"column":15}}]},"11":{"line":361,"type":"if","locations":[{"start":{"line":361,"column":8},"end":{"line":361,"column":8}},{"start":{"line":361,"column":8},"end":{"line":361,"column":8}}]},"12":{"line":380,"type":"if","locations":[{"start":{"line":380,"column":8},"end":{"line":380,"column":8}},{"start":{"line":380,"column":8},"end":{"line":380,"column":8}}]},"13":{"line":400,"type":"if","locations":[{"start":{"line":400,"column":8},"end":{"line":400,"column":8}},{"start":{"line":400,"column":8},"end":{"line":400,"column":8}}]}}},
"contracts/VerifiedCredit/VerifiedCreditFactory.sol":{"l":{"167":0,"175":0,"176":0,"177":0,"179":0,"180":0,"181":0,"182":0,"197":0,"203":0,"217":0,"223":0,"228":0,"244":0,"245":0,"247":0,"248":0,"250":0,"252":0,"254":0,"258":0,"276":0,"277":0,"287":0,"303":0,"313":0,"329":0,"333":0,"335":0,"337":0,"357":0,"365":0,"371":0,"375":0,"376":0,"378":0,"380":0,"383":0,"390":0,"409":0,"416":0,"420":0,"424":0,"425":0,"427":0,"429":0,"432":0,"451":0,"458":0,"462":0,"466":0,"467":0,"469":0,"471":0,"474":0,"494":0,"500":0,"504":0,"508":0,"521":0,"522":0,"535":0,"545":0,"549":0,"554":0,"559":0,"572":0,"577":0,"585":0,"593":0,"613":0,"621":0,"626":0,"627":0,"629":0,"631":0,"634":0,"637":0,"639":0,"658":0,"664":0,"665":0,"669":0,"671":0,"689":0,"695":0,"714":0,"720":0,"739":0,"745":0,"765":0,"771":0,"783":0,"795":0,"797":0,"798":0,"802":0,"803":0,"804":0,"809":0,"817":0,"824":0,"839":0,"846":0},"path":"/home/akash/Documents/Vericap/vericap-contracts/contracts/VerifiedCredit/VerifiedCreditFactory.sol","s":{"1":0,"2":0,"3":0,"4":0,"5":0,"6":0,"7":0,"8":0,"9":0,"10":0,"11":0,"12":0,"13":0,"14":0,"15":0,"16":0,"17":0,"18":0,"19":0,"20":0,"21":0,"22":0,"23":0,"24":0,"25":0,"26":0,"27":0,"28":0,"29":0,"30":0,"31":0,"32":0,"33":0,"34":0,"35":0,"36":0,"37":0,"38":0,"39":0,"40":0,"41":0,"42":0,"43":0,"44":0,"45":0,"46":0,"47":0,"48":0,"49":0,"50":0,"51":0,"52":0,"53":0,"54":0,"55":0,"56":0,"57":0,"58":0,"59":0,"60":0,"61":0,"62":0,"63":0,"64":0,"65":0,"66":0,"67":0,"68":0,"69":0,"70":0,"71":0,"72":0,"73":0,"74":0,"75":0,"76":0},"b":{"1":[0,0],"2":[0,0],"3":[0,0],"4":[0,0],"5":[0,0],"6":[0,0],"7":[0,0],"8":[0,0],"9":[0,0],"10":[0,0],"11":[0,0],"12":[0,0],"13":[0,0],"14":[0,0],"15":[0,0],"16":[0,0],"17":[0,0],"18":[0,0],"19":[0,0],"20":[0,0],"21":[0,0],"22":[0,0],"23":[0,0],"24":[0,0],"25":[0,0],"26":[0,0],"27":[0,0],"28":[0,0],"29":[0,0],"30":[0,0],"31":[0,0],"32":[0,0],"33":[0,0],"34":[0,0],"35":[0,0],"36":[0,0]},"f":{"1":0,"2":0,"3":0,"4":0,"5":0,"6":0,"7":0,"8":0,"9":0,"10":0,"11":0,"12":0,"13":0,"14":0,"15":0,"16":0,"17":0,"18":0,"19":0,"20":0,"21":0,"22":0,"23":0,"24":0},"fnMap":{"1":{"name":"constructor","line":166,"loc":{"start":{"line":166,"column":4},"end":{"line":168,"column":4}}},"2":{"name":"initialize","line":174,"loc":{"start":{"line":170,"column":4},"end":{"line":183,"column":4}}},"3":{"name":"_authorizeUpgrade","line":188,"loc":{"start":{"line":186,"column":4},"end":{"line":188,"column":35}}},"4":{"name":"getVerifiedCreditDetail","line":191,"loc":{"start":{"line":191,"column":4},"end":{"line":207,"column":4}}},"5":{"name":"getUserBalancePerIssuanceDate","line":210,"loc":{"start":{"line":210,"column":4},"end":{"line":229,"column":4}}},"6":{"name":"getAggregatedDataPerVintage","line":232,"loc":{"start":{"line":232,"column":4},"end":{"line":264,"column":4}}},"7":{"name":"createVerifiedCredit","line":275,"loc":{"start":{"line":267,"column":4},"end":{"line":347,"column":4}}},"8":{"name":"issueVerifiedCredit","line":356,"loc":{"start":{"line":350,"column":4},"end":{"line":399,"column":4}}},"9":{"name":"blockVerifiedCredits","line":408,"loc":{"start":{"line":402,"column":4},"end":{"line":441,"column":4}}},"10":{"name":"unBlockVerifiedCredits","line":450,"loc":{"start":{"line":444,"column":4},"end":{"line":483,"column":4}}},"11":{"name":"transferVerifiedCreditOutside","line":493,"loc":{"start":{"line":486,"column":4},"end":{"line":515,"column":4}}},"12":{"name":"approveAdminToTransfer","line":520,"loc":{"start":{"line":518,"column":4},"end":{"line":523,"column":4}}},"13":{"name":"swapVerifiedCredits","line":534,"loc":{"start":{"line":526,"column":4},"end":{"line":602,"column":4}}},"14":{"name":"retireVerifiedCredits","line":612,"loc":{"start":{"line":605,"column":4},"end":{"line":648,"column":4}}},"15":{"name":"updateVerifiedCreditURI","line":657,"loc":{"start":{"line":651,"column":4},"end":{"line":678,"column":4}}},"16":{"name":"_checkBeforeVerifiedCreditCreation","line":688,"loc":{"start":{"line":680,"column":4},"end":{"line":705,"column":4}}},"17":{"name":"_checkBeforeStorageUpdate","line":707,"loc":{"start":{"line":707,"column":4},"end":{"line":728,"column":4}}},"18":{"name":"_checkBeforeSwap","line":730,"loc":{"start":{"line":730,"column":4},"end":{"line":755,"column":4}}},"19":{"name":"_checkBeforeRetire","line":757,"loc":{"start":{"line":757,"column":4},"end":{"line":780,"column":4}}},"20":{"name":"_getCurrentTokenIdIndex","line":782,"loc":{"start":{"line":782,"column":4},"end":{"line":784,"column":4}}},"21":{"name":"_beforeTokenTransfer","line":786,"loc":{"start":{"line":786,"column":4},"end":{"line":825,"column":4}}},"22":{"name":"supportsInterface","line":827,"loc":{"start":{"line":827,"column":4},"end":{"line":840,"column":4}}},"23":{"name":"compareCreditDetail","line":842,"loc":{"start":{"line":842,"column":4},"end":{"line":849,"column":4}}},"24":{"name":"_beforeTokenTransfer","line":851,"loc":{"start":{"line":851,"column":4},"end":{"line":851,"column":46}}}},"statementMap":{"1":{"start":{"line":167,"column":8},"end":{"line":167,"column":29}},"2":{"start":{"line":175,"column":8},"end":{"line":175,"column":25}},"3":{"start":{"line":176,"column":8},"end":{"line":176,"column":29}},"4":{"start":{"line":177,"column":8},"end":{"line":177,"column":31}},"5":{"start":{"line":179,"column":8},"end":{"line":179,"column":49}},"6":{"start":{"line":180,"column":8},"end":{"line":180,"column":51}},"7":{"start":{"line":197,"column":8},"end":{"line":197,"column":6203}},"8":{"start":{"line":203,"column":8},"end":{"line":203,"column":6392}},"9":{"start":{"line":217,"column":8},"end":{"line":217,"column":6784}},"10":{"start":{"line":223,"column":8},"end":{"line":223,"column":6996}},"11":{"start":{"line":228,"column":8},"end":{"line":228,"column":68}},"12":{"start":{"line":244,"column":8},"end":{"line":244,"column":54}},"13":{"start":{"line":245,"column":8},"end":{"line":245,"column":7620}},"14":{"start":{"line":247,"column":8},"end":{"line":247,"column":7708}},"15":{"start":{"line":258,"column":8},"end":{"line":258,"column":8206}},"16":{"start":{"line":276,"column":8},"end":{"line":276,"column":52}},"17":{"start":{"line":277,"column":8},"end":{"line":277,"column":8755}},"18":{"start":{"line":313,"column":8},"end":{"line":313,"column":9586}},"19":{"start":{"line":335,"column":8},"end":{"line":335,"column":61}},"20":{"start":{"line":337,"column":8},"end":{"line":337,"column":10206}},"21":{"start":{"line":357,"column":8},"end":{"line":357,"column":10727}},"22":{"start":{"line":365,"column":8},"end":{"line":365,"column":10896}},"23":{"start":{"line":371,"column":8},"end":{"line":371,"column":11108}},"24":{"start":{"line":383,"column":8},"end":{"line":383,"column":11637}},"25":{"start":{"line":390,"column":8},"end":{"line":390,"column":11782}},"26":{"start":{"line":409,"column":8},"end":{"line":409,"column":12333}},"27":{"start":{"line":416,"column":8},"end":{"line":416,"column":12528}},"28":{"start":{"line":420,"column":8},"end":{"line":420,"column":12673}},"29":{"start":{"line":432,"column":8},"end":{"line":432,"column":13194}},"30":{"start":{"line":451,"column":8},"end":{"line":451,"column":13750}},"31":{"start":{"line":458,"column":8},"end":{"line":458,"column":13947}},"32":{"start":{"line":462,"column":8},"end":{"line":462,"column":14092}},"33":{"start":{"line":474,"column":8},"end":{"line":474,"column":14621}},"34":{"start":{"line":494,"column":8},"end":{"line":494,"column":15227}},"35":{"start":{"line":500,"column":8},"end":{"line":500,"column":15439}},"36":{"start":{"line":504,"column":8},"end":{"line":504,"column":15583}},"37":{"start":{"line":508,"column":8},"end":{"line":508,"column":15724}},"38":{"start":{"line":521,"column":8},"end":{"line":521,"column":60}},"39":{"start":{"line":522,"column":8},"end":{"line":522,"column":53}},"40":{"start":{"line":535,"column":8},"end":{"line":535,"column":16542}},"41":{"start":{"line":545,"column":8},"end":{"line":545,"column":16812}},"42":{"start":{"line":549,"column":8},"end":{"line":549,"column":16973}},"43":{"start":{"line":554,"column":8},"end":{"line":554,"column":17118}},"44":{"start":{"line":559,"column":8},"end":{"line":559,"column":17256}},"45":{"start":{"line":572,"column":8},"end":{"line":572,"column":17733}},"46":{"start":{"line":577,"column":8},"end":{"line":577,"column":17875}},"47":{"start":{"line":585,"column":8},"end":{"line":585,"column":18065}},"48":{"start":{"line":593,"column":8},"end":{"line":593,"column":18249}},"49":{"start":{"line":613,"column":8},"end":{"line":613,"column":18796}},"50":{"start":{"line":621,"column":8},"end":{"line":621,"column":19014}},"51":{"start":{"line":637,"column":8},"end":{"line":637,"column":76}},"52":{"start":{"line":639,"column":8},"end":{"line":639,"column":19740}},"53":{"start":{"line":658,"column":8},"end":{"line":658,"column":20289}},"54":{"start":{"line":664,"column":8},"end":{"line":664,"column":65}},"55":{"start":{"line":665,"column":8},"end":{"line":665,"column":20569}},"56":{"start":{"line":671,"column":8},"end":{"line":671,"column":20769}},"57":{"start":{"line":689,"column":8},"end":{"line":689,"column":21286}},"58":{"start":{"line":695,"column":8},"end":{"line":695,"column":21474}},"59":{"start":{"line":714,"column":8},"end":{"line":714,"column":22105}},"60":{"start":{"line":720,"column":8},"end":{"line":720,"column":22293}},"61":{"start":{"line":739,"column":8},"end":{"line":739,"column":22881}},"62":{"start":{"line":745,"column":8},"end":{"line":745,"column":23069}},"63":{"start":{"line":765,"column":8},"end":{"line":765,"column":23729}},"64":{"start":{"line":771,"column":8},"end":{"line":771,"column":23917}},"65":{"start":{"line":783,"column":8},"end":{"line":783,"column":38}},"66":{"start":{"line":795,"column":8},"end":{"line":795,"column":24691}},"67":{"start":{"line":797,"column":12},"end":{"line":797,"column":77}},"68":{"start":{"line":798,"column":12},"end":{"line":798,"column":18}},"69":{"start":{"line":802,"column":8},"end":{"line":802,"column":24981}},"70":{"start":{"line":803,"column":12},"end":{"line":803,"column":36}},"71":{"start":{"line":804,"column":12},"end":{"line":804,"column":25083}},"72":{"start":{"line":809,"column":12},"end":{"line":809,"column":25296}},"73":{"start":{"line":817,"column":12},"end":{"line":817,"column":25649}},"74":{"start":{"line":824,"column":8},"end":{"line":824,"column":73}},"75":{"start":{"line":839,"column":8},"end":{"line":839,"column":51}},"76":{"start":{"line":846,"column":8},"end":{"line":846,"column":26422}}},"branchMap":{"1":{"line":174,"type":"if","locations":[{"start":{"line":174,"column":13},"end":{"line":174,"column":13}},{"start":{"line":174,"column":13},"end":{"line":174,"column":13}}]},"2":{"line":188,"type":"if","locations":[{"start":{"line":188,"column":24},"end":{"line":188,"column":24}},{"start":{"line":188,"column":24},"end":{"line":188,"column":24}}]},"3":{"line":197,"type":"if","locations":[{"start":{"line":197,"column":8},"end":{"line":197,"column":8}},{"start":{"line":197,"column":8},"end":{"line":197,"column":8}}]},"4":{"line":217,"type":"if","locations":[{"start":{"line":217,"column":8},"end":{"line":217,"column":8}},{"start":{"line":217,"column":8},"end":{"line":217,"column":8}}]},"5":{"line":244,"type":"if","locations":[{"start":{"line":244,"column":8},"end":{"line":244,"column":8}},{"start":{"line":244,"column":8},"end":{"line":244,"column":8}}]},"6":{"line":275,"type":"if","locations":[{"start":{"line":275,"column":15},"end":{"line":275,"column":15}},{"start":{"line":275,"column":15},"end":{"line":275,"column":15}}]},"7":{"line":356,"type":"if","locations":[{"start":{"line":356,"column":15},"end":{"line":356,"column":15}},{"start":{"line":356,"column":15},"end":{"line":356,"column":15}}]},"8":{"line":365,"type":"if","locations":[{"start":{"line":365,"column":8},"end":{"line":365,"column":8}},{"start":{"line":365,"column":8},"end":{"line":365,"column":8}}]},"9":{"line":408,"type":"if","locations":[{"start":{"line":408,"column":15},"end":{"line":408,"column":15}},{"start":{"line":408,"column":15},"end":{"line":408,"column":15}}]},"10":{"line":420,"type":"if","locations":[{"start":{"line":420,"column":8},"end":{"line":420,"column":8}},{"start":{"line":420,"column":8},"end":{"line":420,"column":8}}]},"11":{"line":450,"type":"if","locations":[{"start":{"line":450,"column":15},"end":{"line":450,"column":15}},{"start":{"line":450,"column":15},"end":{"line":450,"column":15}}]},"12":{"line":462,"type":"if","locations":[{"start":{"line":462,"column":8},"end":{"line":462,"column":8}},{"start":{"line":462,"column":8},"end":{"line":462,"column":8}}]},"13":{"line":493,"type":"if","locations":[{"start":{"line":493,"column":15},"end":{"line":493,"column":15}},{"start":{"line":493,"column":15},"end":{"line":493,"column":15}}]},"14":{"line":494,"type":"if","locations":[{"start":{"line":494,"column":8},"end":{"line":494,"column":8}},{"start":{"line":494,"column":8},"end":{"line":494,"column":8}}]},"15":{"line":504,"type":"if","locations":[{"start":{"line":504,"column":8},"end":{"line":504,"column":8}},{"start":{"line":504,"column":8},"end":{"line":504,"column":8}}]},"16":{"line":520,"type":"if","locations":[{"start":{"line":520,"column":15},"end":{"line":520,"column":15}},{"start":{"line":520,"column":15},"end":{"line":520,"column":15}}]},"17":{"line":521,"type":"if","locations":[{"start":{"line":521,"column":8},"end":{"line":521,"column":8}},{"start":{"line":521,"column":8},"end":{"line":521,"column":8}}]},"18":{"line":534,"type":"if","locations":[{"start":{"line":534,"column":15},"end":{"line":534,"column":15}},{"start":{"line":534,"column":15},"end":{"line":534,"column":15}}]},"19":{"line":554,"type":"if","locations":[{"start":{"line":554,"column":8},"end":{"line":554,"column":8}},{"start":{"line":554,"column":8},"end":{"line":554,"column":8}}]},"20":{"line":559,"type":"if","locations":[{"start":{"line":559,"column":8},"end":{"line":559,"column":8}},{"start":{"line":559,"column":8},"end":{"line":559,"column":8}}]},"21":{"line":572,"type":"if","locations":[{"start":{"line":572,"column":8},"end":{"line":572,"column":8}},{"start":{"line":572,"column":8},"end":{"line":572,"column":8}}]},"22":{"line":612,"type":"if","locations":[{"start":{"line":612,"column":15},"end":{"line":612,"column":15}},{"start":{"line":612,"column":15},"end":{"line":612,"column":15}}]},"23":{"line":657,"type":"if","locations":[{"start":{"line":657,"column":15},"end":{"line":657,"column":15}},{"start":{"line":657,"column":15},"end":{"line":657,"column":15}}]},"24":{"line":658,"type":"if","locations":[{"start":{"line":658,"column":8},"end":{"line":658,"column":8}},{"start":{"line":658,"column":8},"end":{"line":658,"column":8}}]},"25":{"line":664,"type":"if","locations":[{"start":{"line":664,"column":8},"end":{"line":664,"column":8}},{"start":{"line":664,"column":8},"end":{"line":664,"column":8}}]},"26":{"line":688,"type":"if","locations":[{"start":{"line":688,"column":20},"end":{"line":688,"column":20}},{"start":{"line":688,"column":20},"end":{"line":688,"column":20}}]},"27":{"line":689,"type":"if","locations":[{"start":{"line":689,"column":8},"end":{"line":689,"column":8}},{"start":{"line":689,"column":8},"end":{"line":689,"column":8}}]},"28":{"line":695,"type":"if","locations":[{"start":{"line":695,"column":8},"end":{"line":695,"column":8}},{"start":{"line":695,"column":8},"end":{"line":695,"column":8}}]},"29":{"line":714,"type":"if","locations":[{"start":{"line":714,"column":8},"end":{"line":714,"column":8}},{"start":{"line":714,"column":8},"end":{"line":714,"column":8}}]},"30":{"line":720,"type":"if","locations":[{"start":{"line":720,"column":8},"end":{"line":720,"column":8}},{"start":{"line":720,"column":8},"end":{"line":720,"column":8}}]},"31":{"line":739,"type":"if","locations":[{"start":{"line":739,"column":8},"end":{"line":739,"column":8}},{"start":{"line":739,"column":8},"end":{"line":739,"column":8}}]},"32":{"line":745,"type":"if","locations":[{"start":{"line":745,"column":8},"end":{"line":745,"column":8}},{"start":{"line":745,"column":8},"end":{"line":745,"column":8}}]},"33":{"line":765,"type":"if","locations":[{"start":{"line":765,"column":8},"end":{"line":765,"column":8}},{"start":{"line":765,"column":8},"end":{"line":765,"column":8}}]},"34":{"line":771,"type":"if","locations":[{"start":{"line":771,"column":8},"end":{"line":771,"column":8}},{"start":{"line":771,"column":8},"end":{"line":771,"column":8}}]},"35":{"line":795,"type":"if","locations":[{"start":{"line":795,"column":8},"end":{"line":795,"column":8}},{"start":{"line":795,"column":8},"end":{"line":795,"column":8}}]},"36":{"line":817,"type":"if","locations":[{"start":{"line":817,"column":12},"end":{"line":817,"column":12}},{"start":{"line":817,"column":12},"end":{"line":817,"column":12}}]}}}}
