{
"contracts/helper/BasicMetaTransaction.sol":{"l":{"18":0,"19":0,"22":0,"43":0,"55":0,"58":0,"62":0,"63":0,"69":0,"73":0,"78":0,"93":0,"96":0,"97":0,"98":0,"102":0,"103":0,"104":0,"105":0,"113":0},"path":"/home/akash/Documents/Vericap/vericap-contracts/contracts/helper/BasicMetaTransaction.sol","s":{"1":0,"2":0,"3":0,"4":0,"5":0,"6":0,"7":0,"8":0,"9":0,"10":0,"11":0,"12":0,"13":0,"14":0,"15":0,"16":0},"b":{"1":[0,0],"2":[0,0],"3":[0,0],"4":[0,0]},"f":{"1":0,"2":0,"3":0,"4":0,"5":0,"6":0},"fnMap":{"1":{"name":"getChainID","line":17,"loc":{"start":{"line":17,"column":4},"end":{"line":23,"column":4}}},"2":{"name":"executeMetaTransaction","line":36,"loc":{"start":{"line":36,"column":4},"end":{"line":70,"column":4}}},"3":{"name":"getNonce","line":72,"loc":{"start":{"line":72,"column":4},"end":{"line":74,"column":4}}},"4":{"name":"prefixed","line":77,"loc":{"start":{"line":77,"column":4},"end":{"line":82,"column":4}}},"5":{"name":"verify","line":84,"loc":{"start":{"line":84,"column":4},"end":{"line":99,"column":4}}},"6":{"name":"msgSender","line":101,"loc":{"start":{"line":101,"column":4},"end":{"line":115,"column":4}}}},"statementMap":{"1":{"start":{"line":18,"column":8},"end":{"line":18,"column":18}},"2":{"start":{"line":22,"column":8},"end":{"line":22,"column":17}},"3":{"start":{"line":43,"column":8},"end":{"line":43,"column":1432}},"4":{"start":{"line":58,"column":8},"end":{"line":58,"column":1875}},"5":{"start":{"line":62,"column":8},"end":{"line":62,"column":55}},"6":{"start":{"line":63,"column":8},"end":{"line":63,"column":2076}},"7":{"start":{"line":69,"column":8},"end":{"line":69,"column":25}},"8":{"start":{"line":78,"column":8},"end":{"line":78,"column":2523}},"9":{"start":{"line":93,"column":8},"end":{"line":93,"column":2884}},"10":{"start":{"line":96,"column":8},"end":{"line":96,"column":58}},"11":{"start":{"line":97,"column":8},"end":{"line":97,"column":57}},"12":{"start":{"line":98,"column":8},"end":{"line":98,"column":32}},"13":{"start":{"line":102,"column":8},"end":{"line":102,"column":3235}},"14":{"start":{"line":103,"column":12},"end":{"line":103,"column":41}},"15":{"start":{"line":104,"column":12},"end":{"line":104,"column":43}},"16":{"start":{"line":113,"column":12},"end":{"line":113,"column":29}}},"branchMap":{"1":{"line":43,"type":"if","locations":[{"start":{"line":43,"column":8},"end":{"line":43,"column":8}},{"start":{"line":43,"column":8},"end":{"line":43,"column":8}}]},"2":{"line":62,"type":"if","locations":[{"start":{"line":62,"column":8},"end":{"line":62,"column":8}},{"start":{"line":62,"column":8},"end":{"line":62,"column":8}}]},"3":{"line":97,"type":"if","locations":[{"start":{"line":97,"column":8},"end":{"line":97,"column":8}},{"start":{"line":97,"column":8},"end":{"line":97,"column":8}}]},"4":{"line":102,"type":"if","locations":[{"start":{"line":102,"column":8},"end":{"line":102,"column":8}},{"start":{"line":102,"column":8},"end":{"line":102,"column":8}}]}}},
"contracts/interfaces/ILiquidityToken.sol":{"l":{},"path":"/home/akash/Documents/Vericap/vericap-contracts/contracts/interfaces/ILiquidityToken.sol","s":{},"b":{},"f":{},"fnMap":{},"statementMap":{},"branchMap":{}},
"contracts/interfaces/IPlannedCredit.sol":{"l":{},"path":"/home/akash/Documents/Vericap/vericap-contracts/contracts/interfaces/IPlannedCredit.sol","s":{},"b":{},"f":{},"fnMap":{},"statementMap":{},"branchMap":{}},
"contracts/interfaces/IPlannedCreditManager.sol":{"l":{},"path":"/home/akash/Documents/Vericap/vericap-contracts/contracts/interfaces/IPlannedCreditManager.sol","s":{},"b":{},"f":{},"fnMap":{},"statementMap":{},"branchMap":{}},
"contracts/PlannedCredit/PlannedCreditFactory.sol":{"l":{"136":0,"145":0,"146":0,"147":0,"148":0,"170":0,"178":0,"190":0,"193":0,"194":0,"196":0,"197":0,"201":0,"215":0,"218":0,"219":0,"220":0,"221":0,"225":0,"239":0,"266":0,"276":0,"281":0,"303":0,"305":0,"310":0,"324":0,"328":0,"334":0,"336":0,"364":0,"365":0,"368":0,"369":0,"370":0,"371":0,"377":0,"378":0,"379":0,"398":0,"399":0,"402":0,"403":0,"419":0,"420":0,"423":0,"424":0,"434":0,"435":0,"447":0,"470":0,"496":0,"501":0,"502":0,"504":0,"510":0,"526":0,"527":0,"528":0,"532":0,"533":0,"534":0,"537":0,"574":0,"575":0,"576":0,"577":0,"585":0,"598":0,"611":0},"path":"/home/akash/Documents/Vericap/vericap-contracts/contracts/PlannedCredit/PlannedCreditFactory.sol","s":{"1":0,"2":0,"3":0,"4":0,"5":0,"6":0,"7":0,"8":0,"9":0,"10":0,"11":0,"12":0,"13":0,"14":0,"15":0,"16":0,"17":0,"18":0,"19":0,"20":0,"21":0,"22":0,"23":0,"24":0,"25":0,"26":0,"27":0,"28":0,"29":0,"30":0,"31":0,"32":0,"33":0,"34":0,"35":0,"36":0,"37":0,"38":0,"39":0,"40":0,"41":0,"42":0,"43":0,"44":0,"45":0,"46":0,"47":0,"48":0,"49":0},"b":{"1":[0,0],"2":[0,0],"3":[0,0],"4":[0,0],"5":[0,0],"6":[0,0],"7":[0,0],"8":[0,0],"9":[0,0],"10":[0,0],"11":[0,0],"12":[0,0],"13":[0,0],"14":[0,0],"15":[0,0],"16":[0,0],"17":[0,0],"18":[0,0],"19":[0,0]},"f":{"1":0,"2":0,"3":0,"4":0,"5":0,"6":0,"7":0,"8":0,"9":0,"10":0,"11":0,"12":0,"13":0,"14":0,"15":0,"16":0,"17":0,"18":0,"19":0,"20":0,"21":0},"fnMap":{"1":{"name":"constructor","line":135,"loc":{"start":{"line":135,"column":4},"end":{"line":137,"column":4}}},"2":{"name":"initialize","line":144,"loc":{"start":{"line":144,"column":4},"end":{"line":149,"column":4}}},"3":{"name":"_authorizeUpgrade","line":157,"loc":{"start":{"line":155,"column":4},"end":{"line":157,"column":35}}},"4":{"name":"getProjectCommodityTotalSupply","line":166,"loc":{"start":{"line":166,"column":4},"end":{"line":171,"column":4}}},"5":{"name":"getProjectList","line":177,"loc":{"start":{"line":177,"column":4},"end":{"line":179,"column":4}}},"6":{"name":"getCommodityListForAProject","line":187,"loc":{"start":{"line":187,"column":4},"end":{"line":202,"column":4}}},"7":{"name":"getBatchListForACommodityInAProject","line":211,"loc":{"start":{"line":211,"column":4},"end":{"line":226,"column":4}}},"8":{"name":"getBatchDetails","line":234,"loc":{"start":{"line":234,"column":4},"end":{"line":243,"column":4}}},"9":{"name":"createNewBatch","line":265,"loc":{"start":{"line":257,"column":4},"end":{"line":347,"column":4}}},"10":{"name":"updateBatchDetailDuringMintOrBurnMore","line":363,"loc":{"start":{"line":357,"column":4},"end":{"line":383,"column":4}}},"11":{"name":"updateBatchDetailDuringPlannedDeliveryYearChange","line":397,"loc":{"start":{"line":392,"column":4},"end":{"line":404,"column":4}}},"12":{"name":"updateBatchDetailDuringURIChange","line":418,"loc":{"start":{"line":413,"column":4},"end":{"line":425,"column":4}}},"13":{"name":"setPlannedCreditManagerContract","line":433,"loc":{"start":{"line":431,"column":4},"end":{"line":436,"column":4}}},"14":{"name":"grantManagerRoleForBatch","line":446,"loc":{"start":{"line":443,"column":4},"end":{"line":448,"column":4}}},"15":{"name":"_checkBeforeMintNewBatch","line":461,"loc":{"start":{"line":461,"column":4},"end":{"line":481,"column":4}}},"16":{"name":"_createNewBatch","line":495,"loc":{"start":{"line":491,"column":4},"end":{"line":511,"column":4}}},"17":{"name":"_updateProjectCommodityBatchStorage","line":524,"loc":{"start":{"line":520,"column":4},"end":{"line":538,"column":4}}},"18":{"name":"constructor","line":573,"loc":{"start":{"line":568,"column":4},"end":{"line":578,"column":4}}},"19":{"name":"decimals","line":584,"loc":{"start":{"line":584,"column":4},"end":{"line":586,"column":4}}},"20":{"name":"mintPlannedCredits","line":597,"loc":{"start":{"line":594,"column":4},"end":{"line":599,"column":4}}},"21":{"name":"burnPlannedCredits","line":610,"loc":{"start":{"line":607,"column":4},"end":{"line":612,"column":4}}}},"statementMap":{"1":{"start":{"line":136,"column":8},"end":{"line":136,"column":29}},"2":{"start":{"line":145,"column":8},"end":{"line":145,"column":23}},"3":{"start":{"line":146,"column":8},"end":{"line":146,"column":50}},"4":{"start":{"line":147,"column":8},"end":{"line":147,"column":52}},"5":{"start":{"line":148,"column":8},"end":{"line":148,"column":62}},"6":{"start":{"line":170,"column":8},"end":{"line":170,"column":68}},"7":{"start":{"line":178,"column":8},"end":{"line":178,"column":25}},"8":{"start":{"line":190,"column":8},"end":{"line":190,"column":5919}},"9":{"start":{"line":193,"column":8},"end":{"line":193,"column":6029}},"10":{"start":{"line":201,"column":8},"end":{"line":201,"column":29}},"11":{"start":{"line":215,"column":8},"end":{"line":215,"column":6737}},"12":{"start":{"line":218,"column":8},"end":{"line":218,"column":6855}},"13":{"start":{"line":225,"column":8},"end":{"line":225,"column":25}},"14":{"start":{"line":239,"column":8},"end":{"line":239,"column":7530}},"15":{"start":{"line":266,"column":8},"end":{"line":266,"column":8594}},"16":{"start":{"line":276,"column":8},"end":{"line":276,"column":8819}},"17":{"start":{"line":281,"column":8},"end":{"line":281,"column":8957}},"18":{"start":{"line":305,"column":8},"end":{"line":305,"column":9585}},"19":{"start":{"line":310,"column":8},"end":{"line":310,"column":9704}},"20":{"start":{"line":328,"column":8},"end":{"line":328,"column":10225}},"21":{"start":{"line":336,"column":8},"end":{"line":336,"column":10439}},"22":{"start":{"line":364,"column":8},"end":{"line":364,"column":54}},"23":{"start":{"line":365,"column":8},"end":{"line":365,"column":11444}},"24":{"start":{"line":368,"column":8},"end":{"line":368,"column":11553}},"25":{"start":{"line":374,"column":15},"end":{"line":374,"column":11889}},"26":{"start":{"line":398,"column":8},"end":{"line":398,"column":54}},"27":{"start":{"line":399,"column":8},"end":{"line":399,"column":12838}},"28":{"start":{"line":419,"column":8},"end":{"line":419,"column":54}},"29":{"start":{"line":420,"column":8},"end":{"line":420,"column":13602}},"30":{"start":{"line":435,"column":8},"end":{"line":435,"column":69}},"31":{"start":{"line":447,"column":8},"end":{"line":447,"column":72}},"32":{"start":{"line":470,"column":8},"end":{"line":470,"column":15436}},"33":{"start":{"line":496,"column":8},"end":{"line":496,"column":16545}},"34":{"start":{"line":501,"column":8},"end":{"line":501,"column":47}},"35":{"start":{"line":502,"column":8},"end":{"line":502,"column":44}},"36":{"start":{"line":504,"column":8},"end":{"line":504,"column":16774}},"37":{"start":{"line":510,"column":8},"end":{"line":510,"column":38}},"38":{"start":{"line":526,"column":8},"end":{"line":526,"column":17557}},"39":{"start":{"line":527,"column":12},"end":{"line":527,"column":38}},"40":{"start":{"line":532,"column":8},"end":{"line":532,"column":17754}},"41":{"start":{"line":533,"column":12},"end":{"line":533,"column":55}},"42":{"start":{"line":537,"column":8},"end":{"line":537,"column":62}},"43":{"start":{"line":574,"column":8},"end":{"line":574,"column":64}},"44":{"start":{"line":575,"column":8},"end":{"line":575,"column":55}},"45":{"start":{"line":576,"column":8},"end":{"line":576,"column":57}},"46":{"start":{"line":577,"column":8},"end":{"line":577,"column":57}},"47":{"start":{"line":585,"column":8},"end":{"line":585,"column":16}},"48":{"start":{"line":598,"column":8},"end":{"line":598,"column":31}},"49":{"start":{"line":611,"column":8},"end":{"line":611,"column":31}}},"branchMap":{"1":{"line":144,"type":"if","locations":[{"start":{"line":144,"column":54},"end":{"line":144,"column":54}},{"start":{"line":144,"column":54},"end":{"line":144,"column":54}}]},"2":{"line":157,"type":"if","locations":[{"start":{"line":157,"column":24},"end":{"line":157,"column":24}},{"start":{"line":157,"column":24},"end":{"line":157,"column":24}}]},"3":{"line":265,"type":"if","locations":[{"start":{"line":265,"column":15},"end":{"line":265,"column":15}},{"start":{"line":265,"column":15},"end":{"line":265,"column":15}}]},"4":{"line":276,"type":"if","locations":[{"start":{"line":276,"column":8},"end":{"line":276,"column":8}},{"start":{"line":276,"column":8},"end":{"line":276,"column":8}}]},"5":{"line":363,"type":"if","locations":[{"start":{"line":363,"column":15},"end":{"line":363,"column":15}},{"start":{"line":363,"column":15},"end":{"line":363,"column":15}}]},"6":{"line":368,"type":"if","locations":[{"start":{"line":368,"column":8},"end":{"line":368,"column":8}},{"start":{"line":368,"column":8},"end":{"line":368,"column":8}}]},"7":{"line":374,"type":"if","locations":[{"start":{"line":374,"column":15},"end":{"line":374,"column":15}},{"start":{"line":374,"column":15},"end":{"line":374,"column":15}}]},"8":{"line":397,"type":"if","locations":[{"start":{"line":397,"column":15},"end":{"line":397,"column":15}},{"start":{"line":397,"column":15},"end":{"line":397,"column":15}}]},"9":{"line":418,"type":"if","locations":[{"start":{"line":418,"column":15},"end":{"line":418,"column":15}},{"start":{"line":418,"column":15},"end":{"line":418,"column":15}}]},"10":{"line":433,"type":"if","locations":[{"start":{"line":433,"column":15},"end":{"line":433,"column":15}},{"start":{"line":433,"column":15},"end":{"line":433,"column":15}}]},"11":{"line":446,"type":"if","locations":[{"start":{"line":446,"column":15},"end":{"line":446,"column":15}},{"start":{"line":446,"column":15},"end":{"line":446,"column":15}}]},"12":{"line":470,"type":"if","locations":[{"start":{"line":470,"column":8},"end":{"line":470,"column":8}},{"start":{"line":470,"column":8},"end":{"line":470,"column":8}}]},"13":{"line":495,"type":"if","locations":[{"start":{"line":495,"column":15},"end":{"line":495,"column":15}},{"start":{"line":495,"column":15},"end":{"line":495,"column":15}}]},"14":{"line":496,"type":"if","locations":[{"start":{"line":496,"column":8},"end":{"line":496,"column":8}},{"start":{"line":496,"column":8},"end":{"line":496,"column":8}}]},"15":{"line":524,"type":"if","locations":[{"start":{"line":524,"column":14},"end":{"line":524,"column":14}},{"start":{"line":524,"column":14},"end":{"line":524,"column":14}}]},"16":{"line":526,"type":"if","locations":[{"start":{"line":526,"column":8},"end":{"line":526,"column":8}},{"start":{"line":526,"column":8},"end":{"line":526,"column":8}}]},"17":{"line":532,"type":"if","locations":[{"start":{"line":532,"column":8},"end":{"line":532,"column":8}},{"start":{"line":532,"column":8},"end":{"line":532,"column":8}}]},"18":{"line":597,"type":"if","locations":[{"start":{"line":597,"column":13},"end":{"line":597,"column":13}},{"start":{"line":597,"column":13},"end":{"line":597,"column":13}}]},"19":{"line":610,"type":"if","locations":[{"start":{"line":610,"column":13},"end":{"line":610,"column":13}},{"start":{"line":610,"column":13},"end":{"line":610,"column":13}}]}}},
"contracts/PlannedCredit/PlannedCreditManager.sol":{"l":{"109":0,"122":0,"123":0,"124":0,"125":0,"127":0,"157":0,"163":0,"170":0,"172":0,"176":0,"179":0,"207":0,"213":0,"220":0,"222":0,"226":0,"229":0,"253":0,"257":0,"258":0,"262":0,"267":0,"268":0,"269":0,"277":0,"297":0,"298":0,"306":0,"327":0,"328":0,"335":0,"356":0,"376":0},"path":"/home/akash/Documents/Vericap/vericap-contracts/contracts/PlannedCredit/PlannedCreditManager.sol","s":{"1":0,"2":0,"3":0,"4":0,"5":0,"6":0,"7":0,"8":0,"9":0,"10":0,"11":0,"12":0,"13":0,"14":0,"15":0,"16":0,"17":0,"18":0,"19":0,"20":0,"21":0,"22":0,"23":0,"24":0,"25":0,"26":0,"27":0,"28":0,"29":0,"30":0,"31":0,"32":0,"33":0},"b":{"1":[0,0],"2":[0,0],"3":[0,0],"4":[0,0],"5":[0,0],"6":[0,0],"7":[0,0],"8":[0,0],"9":[0,0],"10":[0,0],"11":[0,0]},"f":{"1":0,"2":0,"3":0,"4":0,"5":0,"6":0,"7":0,"8":0,"9":0,"10":0},"fnMap":{"1":{"name":"constructor","line":108,"loc":{"start":{"line":108,"column":4},"end":{"line":110,"column":4}}},"2":{"name":"initialize","line":121,"loc":{"start":{"line":118,"column":4},"end":{"line":130,"column":4}}},"3":{"name":"_authorizeUpgrade","line":138,"loc":{"start":{"line":136,"column":4},"end":{"line":138,"column":35}}},"4":{"name":"mintMoreInABatch","line":156,"loc":{"start":{"line":150,"column":4},"end":{"line":188,"column":4}}},"5":{"name":"burnFromABatch","line":206,"loc":{"start":{"line":200,"column":4},"end":{"line":238,"column":4}}},"6":{"name":"manyToManyBatchTransfer","line":252,"loc":{"start":{"line":248,"column":4},"end":{"line":282,"column":4}}},"7":{"name":"updateBatchPlannedDeliveryYear","line":296,"loc":{"start":{"line":291,"column":4},"end":{"line":312,"column":4}}},"8":{"name":"updateBatchURI","line":326,"loc":{"start":{"line":321,"column":4},"end":{"line":341,"column":4}}},"9":{"name":"_checkBeforeMintMoreAndBurnMore","line":350,"loc":{"start":{"line":350,"column":4},"end":{"line":363,"column":4}}},"10":{"name":"_checkBeforeUpdatingBatchDetails","line":371,"loc":{"start":{"line":371,"column":4},"end":{"line":382,"column":4}}}},"statementMap":{"1":{"start":{"line":109,"column":8},"end":{"line":109,"column":29}},"2":{"start":{"line":122,"column":8},"end":{"line":122,"column":23}},"3":{"start":{"line":123,"column":8},"end":{"line":123,"column":50}},"4":{"start":{"line":124,"column":8},"end":{"line":124,"column":44}},"5":{"start":{"line":125,"column":8},"end":{"line":125,"column":54}},"6":{"start":{"line":157,"column":8},"end":{"line":157,"column":4885}},"7":{"start":{"line":163,"column":8},"end":{"line":163,"column":5035}},"8":{"start":{"line":170,"column":8},"end":{"line":170,"column":78}},"9":{"start":{"line":172,"column":8},"end":{"line":172,"column":5333}},"10":{"start":{"line":176,"column":8},"end":{"line":176,"column":5537}},"11":{"start":{"line":179,"column":8},"end":{"line":179,"column":5616}},"12":{"start":{"line":207,"column":8},"end":{"line":207,"column":6553}},"13":{"start":{"line":213,"column":8},"end":{"line":213,"column":6703}},"14":{"start":{"line":220,"column":8},"end":{"line":220,"column":78}},"15":{"start":{"line":222,"column":8},"end":{"line":222,"column":7001}},"16":{"start":{"line":226,"column":8},"end":{"line":226,"column":7205}},"17":{"start":{"line":229,"column":8},"end":{"line":229,"column":7284}},"18":{"start":{"line":253,"column":8},"end":{"line":253,"column":8205}},"19":{"start":{"line":257,"column":8},"end":{"line":257,"column":8345}},"20":{"start":{"line":258,"column":12},"end":{"line":258,"column":8476}},"21":{"start":{"line":262,"column":12},"end":{"line":262,"column":8608}},"22":{"start":{"line":267,"column":12},"end":{"line":267,"column":8758}},"23":{"start":{"line":268,"column":16},"end":{"line":268,"column":48}},"24":{"start":{"line":269,"column":16},"end":{"line":269,"column":8886}},"25":{"start":{"line":277,"column":8},"end":{"line":277,"column":9090}},"26":{"start":{"line":297,"column":8},"end":{"line":297,"column":75}},"27":{"start":{"line":298,"column":8},"end":{"line":298,"column":9869}},"28":{"start":{"line":306,"column":8},"end":{"line":306,"column":10110}},"29":{"start":{"line":327,"column":8},"end":{"line":327,"column":75}},"30":{"start":{"line":328,"column":8},"end":{"line":328,"column":10842}},"31":{"start":{"line":335,"column":8},"end":{"line":335,"column":11022}},"32":{"start":{"line":356,"column":8},"end":{"line":356,"column":11641}},"33":{"start":{"line":376,"column":8},"end":{"line":376,"column":12294}}},"branchMap":{"1":{"line":121,"type":"if","locations":[{"start":{"line":121,"column":15},"end":{"line":121,"column":15}},{"start":{"line":121,"column":15},"end":{"line":121,"column":15}}]},"2":{"line":138,"type":"if","locations":[{"start":{"line":138,"column":24},"end":{"line":138,"column":24}},{"start":{"line":138,"column":24},"end":{"line":138,"column":24}}]},"3":{"line":156,"type":"if","locations":[{"start":{"line":156,"column":15},"end":{"line":156,"column":15}},{"start":{"line":156,"column":15},"end":{"line":156,"column":15}}]},"4":{"line":206,"type":"if","locations":[{"start":{"line":206,"column":15},"end":{"line":206,"column":15}},{"start":{"line":206,"column":15},"end":{"line":206,"column":15}}]},"5":{"line":252,"type":"if","locations":[{"start":{"line":252,"column":15},"end":{"line":252,"column":15}},{"start":{"line":252,"column":15},"end":{"line":252,"column":15}}]},"6":{"line":253,"type":"if","locations":[{"start":{"line":253,"column":8},"end":{"line":253,"column":8}},{"start":{"line":253,"column":8},"end":{"line":253,"column":8}}]},"7":{"line":262,"type":"if","locations":[{"start":{"line":262,"column":12},"end":{"line":262,"column":12}},{"start":{"line":262,"column":12},"end":{"line":262,"column":12}}]},"8":{"line":296,"type":"if","locations":[{"start":{"line":296,"column":15},"end":{"line":296,"column":15}},{"start":{"line":296,"column":15},"end":{"line":296,"column":15}}]},"9":{"line":326,"type":"if","locations":[{"start":{"line":326,"column":15},"end":{"line":326,"column":15}},{"start":{"line":326,"column":15},"end":{"line":326,"column":15}}]},"10":{"line":356,"type":"if","locations":[{"start":{"line":356,"column":8},"end":{"line":356,"column":8}},{"start":{"line":356,"column":8},"end":{"line":356,"column":8}}]},"11":{"line":376,"type":"if","locations":[{"start":{"line":376,"column":8},"end":{"line":376,"column":8}},{"start":{"line":376,"column":8},"end":{"line":376,"column":8}}]}}}}
