TN:
SF:/home/akash/Documents/Vericap/vericap-contracts/contracts/helper/BasicMetaTransaction.sol
FN:17,getChainID
FN:36,executeMetaTransaction
FN:72,getNonce
FN:77,prefixed
FN:84,verify
FN:101,msgSender
FNF:6
FNH:0
FNDA:0,getChainID
FNDA:0,executeMetaTransaction
FNDA:0,getNonce
FNDA:0,prefixed
FNDA:0,verify
FNDA:0,msgSender
DA:18,0
DA:19,0
DA:22,0
DA:43,0
DA:55,0
DA:58,0
DA:62,0
DA:63,0
DA:69,0
DA:73,0
DA:78,0
DA:93,0
DA:96,0
DA:97,0
DA:98,0
DA:102,0
DA:103,0
DA:104,0
DA:105,0
DA:113,0
LF:20
LH:0
BRDA:43,1,0,0
BRDA:43,1,1,0
BRDA:62,2,0,0
BRDA:62,2,1,0
BRDA:97,3,0,0
BRDA:97,3,1,0
BRDA:102,4,0,0
BRDA:102,4,1,0
BRF:8
BRH:0
end_of_record
TN:
SF:/home/akash/Documents/Vericap/vericap-contracts/contracts/interfaces/ILiquidityToken.sol
FNF:0
FNH:0
LF:0
LH:0
BRF:0
BRH:0
end_of_record
TN:
SF:/home/akash/Documents/Vericap/vericap-contracts/contracts/interfaces/IPlannedCredit.sol
FNF:0
FNH:0
LF:0
LH:0
BRF:0
BRH:0
end_of_record
TN:
SF:/home/akash/Documents/Vericap/vericap-contracts/contracts/interfaces/IPlannedCreditManager.sol
FNF:0
FNH:0
LF:0
LH:0
BRF:0
BRH:0
end_of_record
TN:
SF:/home/akash/Documents/Vericap/vericap-contracts/contracts/PlannedCredit/PlannedCreditFactory.sol
FN:135,constructor
FN:144,initialize
FN:157,_authorizeUpgrade
FN:166,getProjectCommodityTotalSupply
FN:177,getProjectList
FN:187,getCommodityListForAProject
FN:211,getBatchListForACommodityInAProject
FN:234,getBatchDetails
FN:265,createNewBatch
FN:363,updateBatchDetailDuringMintOrBurnMore
FN:397,updateBatchDetailDuringPlannedDeliveryYearChange
FN:418,updateBatchDetailDuringURIChange
FN:433,setPlannedCreditManagerContract
FN:446,grantManagerRoleForBatch
FN:461,_checkBeforeMintNewBatch
FN:495,_createNewBatch
FN:524,_updateProjectCommodityBatchStorage
FN:573,constructor
FN:584,decimals
FN:597,mintPlannedCredits
FN:610,burnPlannedCredits
FNF:21
FNH:0
FNDA:0,constructor
FNDA:0,initialize
FNDA:0,_authorizeUpgrade
FNDA:0,getProjectCommodityTotalSupply
FNDA:0,getProjectList
FNDA:0,getCommodityListForAProject
FNDA:0,getBatchListForACommodityInAProject
FNDA:0,getBatchDetails
FNDA:0,createNewBatch
FNDA:0,updateBatchDetailDuringMintOrBurnMore
FNDA:0,updateBatchDetailDuringPlannedDeliveryYearChange
FNDA:0,updateBatchDetailDuringURIChange
FNDA:0,setPlannedCreditManagerContract
FNDA:0,grantManagerRoleForBatch
FNDA:0,_checkBeforeMintNewBatch
FNDA:0,_createNewBatch
FNDA:0,_updateProjectCommodityBatchStorage
FNDA:0,constructor
FNDA:0,decimals
FNDA:0,mintPlannedCredits
FNDA:0,burnPlannedCredits
DA:136,0
DA:145,0
DA:146,0
DA:147,0
DA:148,0
DA:170,0
DA:178,0
DA:190,0
DA:193,0
DA:194,0
DA:196,0
DA:197,0
DA:201,0
DA:215,0
DA:218,0
DA:219,0
DA:220,0
DA:221,0
DA:225,0
DA:239,0
DA:266,0
DA:276,0
DA:281,0
DA:303,0
DA:305,0
DA:310,0
DA:324,0
DA:328,0
DA:334,0
DA:336,0
DA:364,0
DA:365,0
DA:368,0
DA:369,0
DA:370,0
DA:371,0
DA:377,0
DA:378,0
DA:379,0
DA:398,0
DA:399,0
DA:402,0
DA:403,0
DA:419,0
DA:420,0
DA:423,0
DA:424,0
DA:434,0
DA:435,0
DA:447,0
DA:470,0
DA:496,0
DA:501,0
DA:502,0
DA:504,0
DA:510,0
DA:526,0
DA:527,0
DA:528,0
DA:532,0
DA:533,0
DA:534,0
DA:537,0
DA:574,0
DA:575,0
DA:576,0
DA:577,0
DA:585,0
DA:598,0
DA:611,0
LF:70
LH:0
BRDA:144,1,0,0
BRDA:144,1,1,0
BRDA:157,2,0,0
BRDA:157,2,1,0
BRDA:265,3,0,0
BRDA:265,3,1,0
BRDA:276,4,0,0
BRDA:276,4,1,0
BRDA:363,5,0,0
BRDA:363,5,1,0
BRDA:368,6,0,0
BRDA:368,6,1,0
BRDA:374,7,0,0
BRDA:374,7,1,0
BRDA:397,8,0,0
BRDA:397,8,1,0
BRDA:418,9,0,0
BRDA:418,9,1,0
BRDA:433,10,0,0
BRDA:433,10,1,0
BRDA:446,11,0,0
BRDA:446,11,1,0
BRDA:470,12,0,0
BRDA:470,12,1,0
BRDA:495,13,0,0
BRDA:495,13,1,0
BRDA:496,14,0,0
BRDA:496,14,1,0
BRDA:524,15,0,0
BRDA:524,15,1,0
BRDA:526,16,0,0
BRDA:526,16,1,0
BRDA:532,17,0,0
BRDA:532,17,1,0
BRDA:597,18,0,0
BRDA:597,18,1,0
BRDA:610,19,0,0
BRDA:610,19,1,0
BRF:38
BRH:0
end_of_record
TN:
SF:/home/akash/Documents/Vericap/vericap-contracts/contracts/PlannedCredit/PlannedCreditManager.sol
FN:108,constructor
FN:121,initialize
FN:138,_authorizeUpgrade
FN:156,mintMoreInABatch
FN:206,burnFromABatch
FN:252,manyToManyBatchTransfer
FN:296,updateBatchPlannedDeliveryYear
FN:326,updateBatchURI
FN:350,_checkBeforeMintMoreAndBurnMore
FN:371,_checkBeforeUpdatingBatchDetails
FNF:10
FNH:0
FNDA:0,constructor
FNDA:0,initialize
FNDA:0,_authorizeUpgrade
FNDA:0,mintMoreInABatch
FNDA:0,burnFromABatch
FNDA:0,manyToManyBatchTransfer
FNDA:0,updateBatchPlannedDeliveryYear
FNDA:0,updateBatchURI
FNDA:0,_checkBeforeMintMoreAndBurnMore
FNDA:0,_checkBeforeUpdatingBatchDetails
DA:109,0
DA:122,0
DA:123,0
DA:124,0
DA:125,0
DA:127,0
DA:157,0
DA:163,0
DA:170,0
DA:172,0
DA:176,0
DA:179,0
DA:207,0
DA:213,0
DA:220,0
DA:222,0
DA:226,0
DA:229,0
DA:253,0
DA:257,0
DA:258,0
DA:262,0
DA:267,0
DA:268,0
DA:269,0
DA:277,0
DA:297,0
DA:298,0
DA:306,0
DA:327,0
DA:328,0
DA:335,0
DA:356,0
DA:376,0
LF:34
LH:0
BRDA:121,1,0,0
BRDA:121,1,1,0
BRDA:138,2,0,0
BRDA:138,2,1,0
BRDA:156,3,0,0
BRDA:156,3,1,0
BRDA:206,4,0,0
BRDA:206,4,1,0
BRDA:252,5,0,0
BRDA:252,5,1,0
BRDA:253,6,0,0
BRDA:253,6,1,0
BRDA:262,7,0,0
BRDA:262,7,1,0
BRDA:296,8,0,0
BRDA:296,8,1,0
BRDA:326,9,0,0
BRDA:326,9,1,0
BRDA:356,10,0,0
BRDA:356,10,1,0
BRDA:376,11,0,0
BRDA:376,11,1,0
BRF:22
BRH:0
end_of_record
