TN:
SF:/home/akash/Documents/Vericap/vericap-contracts/contracts/helper/BasicMetaTransaction.sol
FN:17,getChainID
FN:36,executeMetaTransaction
FN:72,getNonce
FN:77,prefixed
FN:84,verify
FN:101,msgSender
FNF:6
FNH:0
FNDA:0,getChainID
FNDA:0,executeMetaTransaction
FNDA:0,getNonce
FNDA:0,prefixed
FNDA:0,verify
FNDA:0,msgSender
DA:18,0
DA:19,0
DA:22,0
DA:43,0
DA:55,0
DA:58,0
DA:62,0
DA:63,0
DA:69,0
DA:73,0
DA:78,0
DA:93,0
DA:96,0
DA:97,0
DA:98,0
DA:102,0
DA:103,0
DA:104,0
DA:105,0
DA:113,0
LF:20
LH:0
BRDA:43,1,0,0
BRDA:43,1,1,0
BRDA:62,2,0,0
BRDA:62,2,1,0
BRDA:97,3,0,0
BRDA:97,3,1,0
BRDA:102,4,0,0
BRDA:102,4,1,0
BRF:8
BRH:0
end_of_record
TN:
SF:/home/akash/Documents/Vericap/vericap-contracts/contracts/interfaces/ILiquidityToken.sol
FNF:0
FNH:0
LF:0
LH:0
BRF:0
BRH:0
end_of_record
TN:
SF:/home/akash/Documents/Vericap/vericap-contracts/contracts/interfaces/IPlannedCredit.sol
FNF:0
FNH:0
LF:0
LH:0
BRF:0
BRH:0
end_of_record
TN:
SF:/home/akash/Documents/Vericap/vericap-contracts/contracts/interfaces/IPlannedCreditManager.sol
FNF:0
FNH:0
LF:0
LH:0
BRF:0
BRH:0
end_of_record
TN:
SF:/home/akash/Documents/Vericap/vericap-contracts/contracts/PlannedCredit/PlannedCreditFactory.sol
FN:136,constructor
FN:145,initialize
FN:158,_authorizeUpgrade
FN:167,getProjectCommodityTotalSupply
FN:178,getProjectList
FN:188,getCommodityListForAProject
FN:212,getBatchListForACommodityInAProject
FN:235,getBatchDetails
FN:266,createNewBatch
FN:367,updateBatchDetailDuringMintOrBurnMore
FN:401,updateBatchDetailDuringPlannedDeliveryYearChange
FN:422,updateBatchDetailDuringURIChange
FN:437,setPlannedCreditManagerContract
FN:454,grantManagerRoleForBatch
FN:469,_checkBeforeMintNewBatch
FN:503,_createNewBatch
FN:532,_updateProjectCommodityBatchStorage
FN:581,constructor
FN:592,decimals
FN:605,mintPlannedCredits
FN:618,burnPlannedCredits
FNF:21
FNH:0
FNDA:0,constructor
FNDA:0,initialize
FNDA:0,_authorizeUpgrade
FNDA:0,getProjectCommodityTotalSupply
FNDA:0,getProjectList
FNDA:0,getCommodityListForAProject
FNDA:0,getBatchListForACommodityInAProject
FNDA:0,getBatchDetails
FNDA:0,createNewBatch
FNDA:0,updateBatchDetailDuringMintOrBurnMore
FNDA:0,updateBatchDetailDuringPlannedDeliveryYearChange
FNDA:0,updateBatchDetailDuringURIChange
FNDA:0,setPlannedCreditManagerContract
FNDA:0,grantManagerRoleForBatch
FNDA:0,_checkBeforeMintNewBatch
FNDA:0,_createNewBatch
FNDA:0,_updateProjectCommodityBatchStorage
FNDA:0,constructor
FNDA:0,decimals
FNDA:0,mintPlannedCredits
FNDA:0,burnPlannedCredits
DA:137,0
DA:146,0
DA:147,0
DA:148,0
DA:149,0
DA:171,0
DA:179,0
DA:191,0
DA:194,0
DA:195,0
DA:197,0
DA:198,0
DA:202,0
DA:216,0
DA:219,0
DA:220,0
DA:221,0
DA:222,0
DA:226,0
DA:240,0
DA:267,0
DA:277,0
DA:282,0
DA:304,0
DA:306,0
DA:311,0
DA:325,0
DA:329,0
DA:335,0
DA:337,0
DA:339,0
DA:368,0
DA:369,0
DA:372,0
DA:373,0
DA:374,0
DA:375,0
DA:381,0
DA:382,0
DA:383,0
DA:402,0
DA:403,0
DA:406,0
DA:407,0
DA:423,0
DA:424,0
DA:427,0
DA:428,0
DA:438,0
DA:442,0
DA:443,0
DA:455,0
DA:478,0
DA:504,0
DA:509,0
DA:510,0
DA:512,0
DA:518,0
DA:534,0
DA:535,0
DA:536,0
DA:540,0
DA:541,0
DA:542,0
DA:545,0
DA:582,0
DA:583,0
DA:584,0
DA:585,0
DA:593,0
DA:606,0
DA:619,0
LF:72
LH:0
BRDA:145,1,0,0
BRDA:145,1,1,0
BRDA:158,2,0,0
BRDA:158,2,1,0
BRDA:266,3,0,0
BRDA:266,3,1,0
BRDA:277,4,0,0
BRDA:277,4,1,0
BRDA:367,5,0,0
BRDA:367,5,1,0
BRDA:372,6,0,0
BRDA:372,6,1,0
BRDA:378,7,0,0
BRDA:378,7,1,0
BRDA:401,8,0,0
BRDA:401,8,1,0
BRDA:422,9,0,0
BRDA:422,9,1,0
BRDA:437,10,0,0
BRDA:437,10,1,0
BRDA:438,11,0,0
BRDA:438,11,1,0
BRDA:454,12,0,0
BRDA:454,12,1,0
BRDA:478,13,0,0
BRDA:478,13,1,0
BRDA:503,14,0,0
BRDA:503,14,1,0
BRDA:504,15,0,0
BRDA:504,15,1,0
BRDA:532,16,0,0
BRDA:532,16,1,0
BRDA:534,17,0,0
BRDA:534,17,1,0
BRDA:540,18,0,0
BRDA:540,18,1,0
BRDA:605,19,0,0
BRDA:605,19,1,0
BRDA:618,20,0,0
BRDA:618,20,1,0
BRF:40
BRH:0
end_of_record
TN:
SF:/home/akash/Documents/Vericap/vericap-contracts/contracts/PlannedCredit/PlannedCreditManager.sol
FN:108,constructor
FN:121,initialize
FN:138,_authorizeUpgrade
FN:156,mintMoreInABatch
FN:206,burnFromABatch
FN:252,manyToManyBatchTransfer
FN:296,updateBatchPlannedDeliveryYear
FN:326,updateBatchURI
FN:346,setFactoryManagerContract
FN:363,_checkBeforeMintMoreAndBurnMore
FN:384,_checkBeforeUpdatingBatchDetails
FNF:11
FNH:0
FNDA:0,constructor
FNDA:0,initialize
FNDA:0,_authorizeUpgrade
FNDA:0,mintMoreInABatch
FNDA:0,burnFromABatch
FNDA:0,manyToManyBatchTransfer
FNDA:0,updateBatchPlannedDeliveryYear
FNDA:0,updateBatchURI
FNDA:0,setFactoryManagerContract
FNDA:0,_checkBeforeMintMoreAndBurnMore
FNDA:0,_checkBeforeUpdatingBatchDetails
DA:109,0
DA:122,0
DA:123,0
DA:124,0
DA:125,0
DA:127,0
DA:157,0
DA:163,0
DA:170,0
DA:172,0
DA:176,0
DA:179,0
DA:207,0
DA:213,0
DA:220,0
DA:222,0
DA:226,0
DA:229,0
DA:253,0
DA:257,0
DA:258,0
DA:262,0
DA:267,0
DA:268,0
DA:269,0
DA:277,0
DA:297,0
DA:298,0
DA:306,0
DA:327,0
DA:328,0
DA:335,0
DA:347,0
DA:351,0
DA:369,0
DA:389,0
LF:36
LH:0
BRDA:121,1,0,0
BRDA:121,1,1,0
BRDA:138,2,0,0
BRDA:138,2,1,0
BRDA:156,3,0,0
BRDA:156,3,1,0
BRDA:206,4,0,0
BRDA:206,4,1,0
BRDA:252,5,0,0
BRDA:252,5,1,0
BRDA:253,6,0,0
BRDA:253,6,1,0
BRDA:262,7,0,0
BRDA:262,7,1,0
BRDA:296,8,0,0
BRDA:296,8,1,0
BRDA:326,9,0,0
BRDA:326,9,1,0
BRDA:346,10,0,0
BRDA:346,10,1,0
BRDA:347,11,0,0
BRDA:347,11,1,0
BRDA:369,12,0,0
BRDA:369,12,1,0
BRDA:389,13,0,0
BRDA:389,13,1,0
BRF:26
BRH:0
end_of_record
